        -:    0:Source:/home/e/Development/asterix/src/asterix/UAPItem.cpp
        -:    0:Graph:UAPItem.cpp.gcno
        -:    0:Data:UAPItem.cpp.gcda
        -:    0:Runs:6
        -:    1:/*
        -:    2: *  Copyright (c) 2013 Croatia Control Ltd. (www.crocontrol.hr)
        -:    3: *
        -:    4: *  This file is part of Asterix.
        -:    5: *
        -:    6: *  Asterix is free software: you can redistribute it and/or modify
        -:    7: *  it under the terms of the GNU General Public License as published by
        -:    8: *  the Free Software Foundation, either version 3 of the License, or
        -:    9: *  (at your option) any later version.
        -:   10: *
        -:   11: *  Asterix is distributed in the hope that it will be useful,
        -:   12: *  but WITHOUT ANY WARRANTY; without even the implied warranty of
        -:   13: *  MERCHANTABILITY or FITNESS FOR A PARTICULAR PURPOSE.  See the
        -:   14: *  GNU General Public License for more details.
        -:   15: *
        -:   16: *  You should have received a copy of the GNU General Public License
        -:   17: *  along with Asterix.  If not, see <http://www.gnu.org/licenses/>.
        -:   18: *
        -:   19: *
        -:   20: * AUTHORS: Damir Salantic, Croatia Control Ltd.
        -:   21: *
        -:   22: */
        -:   23:
        -:   24:#include "UAPItem.h"
        -:   25:
      476:   26:UAPItem::UAPItem()
      476:   27:        : m_nBit(0), m_nFRN(0), m_bFX(false), m_nLen(0) {
      476:   28:}
        -:   29:
       16:   30:UAPItem::UAPItem(const UAPItem &obj)
       16:   31:        : DataItemFormat(obj.m_nID) {
       16:   32:    std::list<DataItemFormat *>::iterator it = ((DataItemFormat &) obj).m_lSubItems.begin();
        -:   33:
       16:   34:    while (it != obj.m_lSubItems.end()) {
    #####:   35:        DataItemFormat *di = (DataItemFormat *) (*it);
    #####:   36:        m_lSubItems.push_back(di->clone());
    #####:   37:        it++;
        -:   38:    }
        -:   39:
       16:   40:    m_pParentFormat = obj.m_pParentFormat;
       16:   41:    m_nBit = obj.m_nBit;
       16:   42:    m_nFRN = obj.m_nFRN;
       16:   43:    m_bFX = obj.m_bFX;
       16:   44:    m_nLen = obj.m_nLen;
       16:   45:    m_strItemID = obj.m_strItemID;
       16:   46:}
        -:   47:
      924:   48:UAPItem::~UAPItem() {
      924:   49:}
------------------
_ZN7UAPItemD0Ev:
      432:   48:UAPItem::~UAPItem() {
      432:   49:}
------------------
_ZN7UAPItemD2Ev:
      492:   48:UAPItem::~UAPItem() {
      492:   49:}
------------------
        -:   50:
        -:   51:#if defined(WIRESHARK_WRAPPER) || defined(ETHEREAL_WRAPPER)
        -:   52:fulliautomatix_definitions* UAPItem::getWiresharkDefinitions()
        -:   53:{
        -:   54:  fulliautomatix_definitions* def = new fulliautomatix_definitions;
        -:   55:
        -:   56:  def->pid = getPID();
        -:   57:
        -:   58:  if (m_bFX)
        -:   59:  {
        -:   60:    def->name = strdup("Field extension");
        -:   61:    def->abbrev = strdup("FX");
        -:   62:  }
        -:   63:  else
        -:   64:  {
        -:   65:    char tmp[128];
        -:   66:
        -:   67:    snprintf(tmp, 128, "Item %s", m_strItemID.c_str());
        -:   68:    def->name = strdup(tmp);
        -:   69:
        -:   70:    snprintf(tmp, 128, "UAP%s", m_strItemID.c_str());
        -:   71:    def->abbrev = strdup(tmp);
        -:   72:  }
        -:   73:  def->type = FA_FT_UINT8;
        -:   74:  def->display = FA_BASE_DEC;
        -:   75:  def->bitmask = 0x01;
        -:   76:  def->bitmask <<= (7-m_nBit%8);
        -:   77:
        -:   78:  def->strings = (fulliautomatix_value_string*)malloc(3 * sizeof(fulliautomatix_value_string));
        -:   79:  // Security fix: Check malloc return value to prevent null pointer dereference
        -:   80:  if (def->strings == NULL) {
        -:   81:    return def;
        -:   82:  }
        -:   83:  def->strings[0].value = 0;
        -:   84:  def->strings[0].strptr = strdup(" Not present");
        -:   85:  def->strings[1].value = 1;
        -:   86:  def->strings[1].strptr = strdup(" Present");
        -:   87:  def->strings[2].value = 0;
        -:   88:  def->strings[2].strptr = NULL;
        -:   89:
        -:   90:  def->blurb = NULL;
        -:   91:  def->next = NULL;
        -:   92:  return def;
        -:   93:}
        -:   94:
        -:   95:fulliautomatix_data* UAPItem::getData(unsigned char* pData, long len, int byteoffset)
        -:   96:{
        -:   97:  int byteShift = m_nBit/8;
        -:   98:  if (byteShift<len)
        -:   99:    return newDataUL(NULL, getPID(), byteoffset+byteShift, 1, *(pData+byteShift));
        -:  100:  return NULL;
        -:  101:}
        -:  102:#endif
